app/build/intermediates/manifest_merge_blame_file/debug/manifest-merger-blame-debug-report.txt
1<?xml version="1.0" encoding="utf-8"?>
2<manifest xmlns:android="http://schemas.android.com/apk/res/android"
3    package="com.example.loraapp"
4    android:versionCode="1"
5    android:versionName="1.0" >
6
7    <uses-sdk
8        android:minSdkVersion="16"
8-->src\main\AndroidManifest.xml
9        android:targetSdkVersion="30" />
9-->src\main\AndroidManifest.xml
10    <!--
11         The ACCESS_COARSE/FINE_LOCATION permissions are not required to use
12         Google Maps Android API v2, but you must specify either coarse or fine
13         location permissions for the "MyLocation" functionality.
14    -->
15    <uses-permission android:name="android.permission.ACCESS_FINE_LOCATION" />
15-->src\main\AndroidManifest.xml:9:5-79
15-->src\main\AndroidManifest.xml:9:22-76
16    <uses-permission android:name="android.permission.ACCESS_COARSE_LOCATION" />
16-->src\main\AndroidManifest.xml:10:5-81
16-->src\main\AndroidManifest.xml:10:22-78
17
18    <!-- Include required permissions for Google Maps API to run. -->
19    <uses-permission android:name="android.permission.ACCESS_NETWORK_STATE" />
19-->[com.google.android.gms:play-services-maps:17.0.1] AndroidManifest.xml:23:5-79
19-->[com.google.android.gms:play-services-maps:17.0.1] AndroidManifest.xml:23:22-76
20    <uses-permission android:name="android.permission.INTERNET" />
20-->[com.google.android.gms:play-services-maps:17.0.1] AndroidManifest.xml:24:5-67
20-->[com.google.android.gms:play-services-maps:17.0.1] AndroidManifest.xml:24:22-64
21
22    <uses-feature
22-->[com.google.android.gms:play-services-maps:17.0.1] AndroidManifest.xml:26:5-28:35
23        android:glEsVersion="0x00020000"
23-->[com.google.android.gms:play-services-maps:17.0.1] AndroidManifest.xml:27:9-41
24        android:required="true" />
24-->[com.google.android.gms:play-services-maps:17.0.1] AndroidManifest.xml:28:9-32
25
26    <queries>
26-->[com.google.android.gms:play-services-maps:17.0.1] AndroidManifest.xml:30:5-34:15
27
28        <!-- Needs to be explicitly declared on Android R+ -->
29        <package android:name="com.google.android.apps.maps" />
29-->[com.google.android.gms:play-services-maps:17.0.1] AndroidManifest.xml:33:9-64
29-->[com.google.android.gms:play-services-maps:17.0.1] AndroidManifest.xml:33:18-61
30    </queries>
31
32    <application
32-->src\main\AndroidManifest.xml:12:5-49:19
33        android:name="com.example.loraapp.Role"
33-->src\main\AndroidManifest.xml:13:9-29
34        android:allowBackup="true"
34-->src\main\AndroidManifest.xml:14:9-35
35        android:appComponentFactory="androidx.core.app.CoreComponentFactory"
35-->[androidx.core:core:1.5.0] AndroidManifest.xml:24:18-86
36        android:debuggable="true"
37        android:icon="@mipmap/ic_launcher"
37-->src\main\AndroidManifest.xml:15:9-43
38        android:label="@string/app_name"
38-->src\main\AndroidManifest.xml:16:9-41
39        android:roundIcon="@mipmap/ic_launcher_round"
39-->src\main\AndroidManifest.xml:17:9-54
40        android:supportsRtl="true"
40-->src\main\AndroidManifest.xml:18:9-35
41        android:testOnly="true"
42        android:theme="@style/Theme.LoraApp" >
42-->src\main\AndroidManifest.xml:19:9-45
43        <activity android:name="com.example.loraapp.SensorEngineerActivity" />
43-->src\main\AndroidManifest.xml:20:9-69
43-->src\main\AndroidManifest.xml:20:19-57
44        <activity android:name="com.example.loraapp.SensorMechanicActivity" />
44-->src\main\AndroidManifest.xml:21:9-60
44-->src\main\AndroidManifest.xml:21:19-57
45        <activity android:name="com.example.loraapp.TableActivity" />
45-->src\main\AndroidManifest.xml:22:9-51
45-->src\main\AndroidManifest.xml:22:19-48
46        <activity android:name="com.example.loraapp.AddSensorActivity" />
46-->src\main\AndroidManifest.xml:23:9-55
46-->src\main\AndroidManifest.xml:23:19-52
47        <activity android:name="com.example.loraapp.UNAuthActivity" />
47-->src\main\AndroidManifest.xml:24:9-52
47-->src\main\AndroidManifest.xml:24:19-49
48        <activity android:name="com.example.loraapp.TransferSuccessActivity" />
48-->src\main\AndroidManifest.xml:25:9-61
48-->src\main\AndroidManifest.xml:25:19-58
49        <activity android:name="com.example.loraapp.RegisterSuccessActivity" />
49-->src\main\AndroidManifest.xml:26:9-61
49-->src\main\AndroidManifest.xml:26:19-58
50        <activity android:name="com.example.loraapp.CheckQRCodeActivity" />
50-->src\main\AndroidManifest.xml:27:9-57
50-->src\main\AndroidManifest.xml:27:19-54
51        <activity android:name="com.example.loraapp.DataActivity" />
51-->src\main\AndroidManifest.xml:28:9-50
51-->src\main\AndroidManifest.xml:28:19-47
52        <!--
53             The API key for Google Maps-based APIs is defined as a string resource.
54             (See the file "res/values/google_maps_api.xml").
55             Note that the API key is linked to the encryption key used to sign the APK.
56             You need a different API key for each encryption key, including the release key that is used to
57             sign the APK for publishing.
58             You can define the keys for the debug and release targets in src/debug/ and src/release/.
59        -->
60        <meta-data
60-->src\main\AndroidManifest.xml:37:9-39:55
61            android:name="com.google.android.geo.API_KEY"
61-->src\main\AndroidManifest.xml:38:13-58
62            android:value="@string/google_maps_key" />
62-->src\main\AndroidManifest.xml:39:13-52
63
64        <activity android:name="com.example.loraapp.ChooseActivity" />
64-->src\main\AndroidManifest.xml:41:9-52
64-->src\main\AndroidManifest.xml:41:19-49
65        <activity android:name="com.example.loraapp.MainActivity" >
65-->src\main\AndroidManifest.xml:42:9-48:20
65-->src\main\AndroidManifest.xml:42:19-47
66            <intent-filter>
66-->src\main\AndroidManifest.xml:43:13-47:29
67                <action android:name="android.intent.action.MAIN" />
67-->src\main\AndroidManifest.xml:44:17-69
67-->src\main\AndroidManifest.xml:44:25-66
68
69                <category android:name="android.intent.category.LAUNCHER" />
69-->src\main\AndroidManifest.xml:46:17-77
69-->src\main\AndroidManifest.xml:46:27-74
70            </intent-filter>
71        </activity>
72        <!-- Needs to be explicitly declared on P+ -->
73        <uses-library
73-->[com.google.android.gms:play-services-maps:17.0.1] AndroidManifest.xml:39:9-41:40
74            android:name="org.apache.http.legacy"
74-->[com.google.android.gms:play-services-maps:17.0.1] AndroidManifest.xml:40:13-50
75            android:required="false" />
75-->[com.google.android.gms:play-services-maps:17.0.1] AndroidManifest.xml:41:13-37
76
77        <activity
77-->[com.google.android.gms:play-services-base:17.0.0] AndroidManifest.xml:23:9-26:75
78            android:name="com.google.android.gms.common.api.GoogleApiActivity"
78-->[com.google.android.gms:play-services-base:17.0.0] AndroidManifest.xml:24:13-79
79            android:exported="false"
79-->[com.google.android.gms:play-services-base:17.0.0] AndroidManifest.xml:25:13-37
80            android:theme="@android:style/Theme.Translucent.NoTitleBar" />
80-->[com.google.android.gms:play-services-base:17.0.0] AndroidManifest.xml:26:13-72
81
82        <meta-data
82-->[com.google.android.gms:play-services-basement:17.0.0] AndroidManifest.xml:23:9-25:69
83            android:name="com.google.android.gms.version"
83-->[com.google.android.gms:play-services-basement:17.0.0] AndroidManifest.xml:24:13-58
84            android:value="@integer/google_play_services_version" />
84-->[com.google.android.gms:play-services-basement:17.0.0] AndroidManifest.xml:25:13-66
85    </application>
86
87</manifest>